C51 COMPILER V9.01   MAIN                                                                  06/13/2022 14:36:44 PAGE 1   


C51 COMPILER V9.01, COMPILATION OF MODULE MAIN
OBJECT MODULE PLACED IN main.OBJ
COMPILER INVOKED BY: D:\编程学习\单片机C51\开发工具\C51\BIN\C51.EXE main.c BROWSE DEBUG OBJECTEXTEND

line level    source

   1          #include"reg52.h"
   2          
   3          typedef unsigned int u16;       //对系统默认数据类型进行重定义
   4          typedef unsigned char u8;
   5          
   6          sbit LSA=P2^2;
   7          sbit LSB=P2^3;
   8          sbit LSC=P2^4;//设置38译码器的输入端
   9          
  10          //定义独立按键控制脚
  11          sbit KEY1=P3^1;
  12          sbit KEY2=P3^0;
  13          sbit KEY3=P3^2;
  14          
  15          u8 ms=0;
  16          u8 second=0;
  17          u8 minute=0;
  18          u8 hour=0;              //定义时分秒
  19          
  20          u16 num=0;
  21          //设置数码管初值以及中断次数变量
  22          
  23          unsigned char code smgduan[]={0x3f,0x06,0x5b,0x4f,0x66,0x6d,0x7d,0x07,0x7f,0x6f};
  24          //因为我们的单片机数码管型号是3461AS-1为共阴极数码管
  25          
  26          //使用宏定义独立按键按下的键值
  27          #define KEY1_PRESS      1
  28          #define KEY2_PRESS      2
  29          #define KEY3_PRESS      3
  30          #define KEY_UNPRESS     0
  31          
  32          #define KEY_MATRIX_PORT P1      //      使用宏定义矩阵按键控制口
  33          
  34          void DelayMS(u8 i)
  35          {
  36   1              //大约 1ms
  37   1              u8 j=100;
  38   1              while(i--){
  39   2                      while(j--);  
  40   2              }
  41   1      }
  42          
  43          /*
  44                  函数名          ：      key_matrix_ranks_scan
  45                  函数功能        :       使用行列式扫描方法，检测矩阵按键是否按下，按下则返回对应键值
  46                  输入            ：      无
  47                  输出            ：      key_value:1-16，对应s1-s16键，
  48                                                  0:按键未按下
  49          */
  50          
  51          u8 key_matrix_ranks_scan(void)
  52          {
  53   1              u8 key_value=0;
  54   1      
  55   1              KEY_MATRIX_PORT=0xf7;   //      给第一列赋值0，其余全为1
C51 COMPILER V9.01   MAIN                                                                  06/13/2022 14:36:44 PAGE 2   

  56   1              if(KEY_MATRIX_PORT!=0xf7)       //      判断第一列按键是否按下
  57   1              {
  58   2                      DelayMS(10);    // 消抖
  59   2                      switch(KEY_MATRIX_PORT) //      保存第一列按键按下后的键值
  60   2                      {
  61   3                              case 0x77:key_value=1;break;
  62   3                              case 0xb7:key_value=5;break;
  63   3                              case 0xd7:key_value=9;break;
  64   3                              case 0xe7:key_value=13;break;
  65   3                      }
  66   2              }
  67   1              while(KEY_MATRIX_PORT!=0xf7);   //      等待按键松开
  68   1      
  69   1              KEY_MATRIX_PORT=0xfb;   //      给第二列赋值0，其余全为1
  70   1              if(KEY_MATRIX_PORT!=0xfb)       //      判断第二列按键是否按下
  71   1              {
  72   2                      DelayMS(10);    //      消抖
  73   2                      switch(KEY_MATRIX_PORT) //      保存第二列按键按下后的键值
  74   2                      {
  75   3                              case 0x7b:key_value=2;break;
  76   3                              case 0xbb:key_value=6;break;
  77   3                              case 0xdb:key_value=10;break;
  78   3                              case 0xeb:key_value=14;break;
  79   3                      }
  80   2              }
  81   1              while(KEY_MATRIX_PORT!=0xfb);   //      等待按键松开
  82   1      
  83   1              KEY_MATRIX_PORT=0xfd;   //      给第三列赋值0，其余全为1
  84   1              if(KEY_MATRIX_PORT!=0xfd)       //      判断第三列按键是否按下
  85   1              {
  86   2                      DelayMS(10);    //      消抖
  87   2                      switch(KEY_MATRIX_PORT) //      保存第三列按键按下后的键值
  88   2                      {
  89   3                              case 0x7d:key_value=3;break;
  90   3                              case 0xbd:key_value=7;break;
  91   3                              case 0xdd:key_value=11;break;
  92   3                              case 0xed:key_value=15;break;
  93   3                      }
  94   2              }
  95   1              while(KEY_MATRIX_PORT!=0xfd);   //等待按键松开
  96   1      
  97   1              KEY_MATRIX_PORT=0xfe;   //给第四列赋值0，其余全为1
  98   1              if(KEY_MATRIX_PORT!=0xfe)       //判断第四列按键是否按下
  99   1              {
 100   2                      DelayMS(10);    //消抖
 101   2                      switch(KEY_MATRIX_PORT) //保存第四列按键按下后的键值
 102   2                      {
 103   3                              case 0x7e:key_value=4;break;
 104   3                              case 0xbe:key_value=8;break;
 105   3                              case 0xde:key_value=12;break;
 106   3                              case 0xee:key_value=16;break;
 107   3                      }
 108   2              }
 109   1              while(KEY_MATRIX_PORT!=0xfe);   //等待按键松开
 110   1      
 111   1              return key_value;
 112   1      }
 113          
 114          void DIGdisplay()
 115          {               
 116   1                       LSA = 0 ;LSB = 0 ; LSC = 0 ;P0 = smgduan[second%10];DelayMS(1);P0=0x00;        //第一位数码管，消影            
 117   1                       LSA = 1 ;LSB = 0 ; LSC = 0 ;P0 = smgduan[second/10];DelayMS(1);P0=0x00;                //第二位数码管，消影
C51 COMPILER V9.01   MAIN                                                                  06/13/2022 14:36:44 PAGE 3   

 118   1                       
 119   1      
 120   1                       LSA = 1 ;LSB = 1 ; LSC = 0 ;P0 = smgduan[minute%10];DelayMS(1);P0=0x00;                //第四位数码管，消影
 121   1                       LSA = 0 ;LSB = 0 ; LSC = 1 ;P0 = smgduan[minute/10];DelayMS(1);P0=0x00;                //第五位数码管，消影
 122   1                       
 123   1                       LSA = 0 ;LSB = 1 ; LSC = 1 ;P0 = smgduan[hour%10];DelayMS(1);P0=0x00;          //第六位数码管，消影
 124   1                       LSA = 1 ;LSB = 1 ; LSC = 1 ;P0 = smgduan[hour/10];DelayMS(1);P0=0x00;          //第七位数码管，消影
 125   1                       
 126   1                       LSA = 0 ;LSB = 1 ; LSC = 0 ;P0 = 0x40;DelayMS(1);P0=0x00;                      
 127   1                       LSA = 1 ;LSB = 0 ; LSC = 1 ;P0 = 0x40;DelayMS(1);P0=0x00;              //第五位和第三位显示一杠，消影                                                                                                   
 128   1      }        
 129          
 130          
 131          void time0_init(void)
 132          {
 133   1              TMOD=0X01;//选择为定时器0模式，工作方式1
 134   1              TH0=0xFC;       //给定时器赋初值，定时50ms
 135   1              TL0=0x66;       
 136   1              ET0=1;//打开定时器0中断允许
 137   1              EA=1;//打开总中断
 138   1              
 139   1      }
 140          
 141          void time0()interrupt 1//定时器0中断函数
 142          {
 143   1              TH0 = 0xFC;             //设置定时初值  1ms
 144   1              TL0 = 0x66;             //设置定时初值
 145   1      
 146   1              num++;
 147   1              if(num==1000)        //1ms
 148   1              {
 149   2                      num=0;
 150   2              ms++;
 151   2                      if(ms==1000){
 152   3                              ms=0;
 153   3                              second++;
 154   3                      }
 155   2                      if(second==60){
 156   3                              second=0;
 157   3                              minute++;
 158   3                      }
 159   2                      if(minute==60){
 160   3                              minute=0;
 161   3                              hour++;
 162   3                      }
 163   2                      if(hour==24){
 164   3                              hour=0;
 165   3                      }
 166   2              }                                               
 167   1      }
 168          void main()
 169          {
 170   1              u8 key=0;
 171   1              time0_init();
 172   1              while(1){
 173   2                      DIGdisplay();
 174   2                      if(KEY1==0){
 175   3                              DelayMS(1);
 176   3                              if(KEY1==0){
 177   4                                      TR0=1;
 178   4                                      while(KEY1==0);
 179   4                              }
C51 COMPILER V9.01   MAIN                                                                  06/13/2022 14:36:44 PAGE 4   

 180   3                      }if(KEY2==0){
 181   3                              DelayMS(1);
 182   3                              if(KEY2==0){
 183   4                                      TR0=0;
 184   4                                      while(KEY2==0);
 185   4                              }
 186   3                      }if(KEY3==0){
 187   3                              DelayMS(1);
 188   3                              if(KEY3==0){
 189   4                                      hour=0;
 190   4                                      minute=0;
 191   4                                      second=0;
 192   4                                      while(KEY3==0);
 193   4                              }
 194   3                      }
 195   2                      key=key_matrix_ranks_scan();
 196   2                      if(key!=0){
 197   3                              switch(key){
 198   4                                      case 1:if(second!=59)second++;break;            //秒增一
 199   4                                      case 2:if(second!=0)second--;break;                     //秒减一
 200   4                                      case 3:second=59;break;                                         //秒置为五十九
 201   4                                      case 4:second=0;break;                                          //秒置为零
 202   4                              
 203   4                                      case 5:if(minute!=59)minute++;break;            //分钟增一
 204   4                                      case 6:if(minute!=0)minute--;break;                     //分钟减一
 205   4                                      case 7:minute=59;break;                                         //分钟置为五十九
 206   4                                      case 8:minute=0;break;                                          //分钟置为零
 207   4                              
 208   4                                      case 9:if(hour!=23)hour++;break;                        //小时增一
 209   4                                      case 10:if(hour!=0)hour--;break;                        //小时减一
 210   4                                      case 11:hour=23;break;                                          //小时置为五十九
 211   4                                      case 12:hour=0;break;                                           //小时置为零
 212   4                              }
 213   3                      }
 214   2              }
 215   1      }


MODULE INFORMATION:   STATIC OVERLAYABLE
   CODE SIZE        =    737    ----
   CONSTANT SIZE    =     10    ----
   XDATA SIZE       =   ----    ----
   PDATA SIZE       =   ----    ----
   DATA SIZE        =      6       1
   IDATA SIZE       =   ----    ----
   BIT SIZE         =   ----    ----
END OF MODULE INFORMATION.


C51 COMPILATION COMPLETE.  0 WARNING(S),  0 ERROR(S)
