C51 COMPILER V9.01   TRAFFICLIGHT                                                          06/09/2022 20:09:19 PAGE 1   


C51 COMPILER V9.01, COMPILATION OF MODULE TRAFFICLIGHT
OBJECT MODULE PLACED IN TrafficLight.OBJ
COMPILER INVOKED BY: D:\编程学习\单片机C51\开发工具\C51\BIN\C51.EXE TrafficLight.c BROWSE DEBUG OBJECTEXTEND

line level    source

   1          #include "reg51.h"                       //此文件中定义了单片机的一些特殊功能寄存器
   2          
   3          typedef unsigned int u16;         //对数据类型进行声明定义
   4          typedef unsigned char u8;
   5          
   6          //--定义使用的IO口--//
   7          #define GPIO_DIG   P0   //段选
   8          #define GPIO_PLACE P2   //位选  
   9          
  10          
  11          //--定义全局变量--//
  12          #define NSYELLOWBlingBlingOn   1        
  13          #define EWYELLOWBlingBlingOn   2        
  14          #define YELLOWBlingBlingOff    3
  15          
  16          u8 code DIG_PLACE[8] = {0xfe,0xfd,0xfb,0xf7,0xef,0xdf,0xbf,0x7f};//位选控制
  17          u8 code DIG_CODE[17] = {0x3f,0x06,0x5b,0x4f,0x66,0x6d,0x7d,0x07,
  18          0x7f,0x6f,0x77,0x7c,0x39,0x5e,0x79,0x71};
  19          //0、1、2、3、4、5、6、7、8、9、A、b、C、d、E、F的显示码
  20          u8 DisplayData[8];//用来存放要显示的8位数的值 
  21          u8 Second;
  22          u8 YellowBlingBlingStatus=YELLOWBlingBlingOff;
  23          
  24                             
  25          //--定义按键的IO口--//
  26          sbit KEY = P3^2;
  27          
  28          //--定义红绿灯对应的IO口--//
  29          sbit RED_LNS   = P3^0;   //南北人行道红灯
  30          sbit GREEN_LNS = P3^1;   //南北人行道绿灯
  31          sbit RED_NS   = P1^2;    //南北红灯
  32          sbit YELLOW_NS= P1^3;    //南北黄灯
  33          sbit GREEN_NS = P1^4;    //南北绿灯
  34          
  35          sbit RED_LEW   = P1^0;   //东西人行道红灯
  36          sbit GREEN_LEW = P1^1;   //东西人行道绿灯
  37          sbit RED_EW   = P1^5;   //东西红灯
  38          sbit YELLOW_EW= P1^6;   //东西黄灯
  39          sbit GREEN_EW = P1^7;   //东西绿灯
  40          
  41          /*******************************************************************************
  42          * 函 数 名         : delay1ms
  43          * 函数功能                 : 延时1ms
  44          *******************************************************************************/
  45          void delay1ms(u16 c)   //误差 0us
  46          {
  47   1          unsigned char a,b;
  48   1          for(;c>0;c--)
  49   1              for(b=142;b>0;b--)
  50   1                  for(a=2;a>0;a--);
  51   1      }
  52          
  53          /*******************************************************************************
  54          * 函 数 名         : DigDisplay
  55          * 函数功能                 : 数码管动态扫描函数，循环扫描8个数码管显示
C51 COMPILER V9.01   TRAFFICLIGHT                                                          06/09/2022 20:09:19 PAGE 2   

  56          *******************************************************************************/
  57          void DigDisplay()
  58          {
  59   1              u8 i;
  60   1              u16 j;
  61   1              for(i=0; i<8; i++)
  62   1              {
  63   2                      GPIO_PLACE = DIG_PLACE[i];       //发送位选
  64   2                      GPIO_DIG = DisplayData[i];   //发送段码
  65   2                      j = 10;                                          //扫描间隔时间设定
  66   2                      while(j--);     
  67   2                      GPIO_DIG = 0x00;//消隐
  68   2              }
  69   1      }
  70          
  71          /*******************************************************************************
  72          * 函 数 名         : Timer0Init
  73          * 函数功能                 : 定时器0初始化
  74          * 输    入         : 无
  75          * 输    出         : 无
  76          *******************************************************************************/
  77          void Timer0Init()
  78          {
  79   1              TMOD|=0X01;//选择为定时器0模式，工作方式1，仅用TR0打开启动。
  80   1              TH0=0XFC;       //给定时器赋初值，定时1ms
  81   1              TL0=0X18;       
  82   1              PT0=1;
  83   1              ET0=1;//打开定时器0中断允许
  84   1              EA=1;//打开总中断
  85   1              TR0=1;//打开定时器                      
  86   1      }
  87          
  88          /*******************************************************************************
  89          * 函 数 名         : Light_Off
  90          * 函数功能                 : 关掉所有的灯
  91          * 输    入         : 无
  92          * 输    出         : 无
  93          *******************************************************************************/
  94          void Light_Off()
  95          {
  96   1              YellowBlingBlingStatus=YELLOWBlingBlingOff;//关闭黄灯闪烁
  97   1              RED_NS = 1;         //南北红灯灭
  98   1              RED_LNS = 1;        //南北人行道红灯灭
  99   1              GREEN_NS = 1;       //南北绿灯灭                        
 100   1              GREEN_LNS = 1;      //南北人行道绿灯灭
 101   1              YELLOW_NS = 1;      //南北黄灯灭
 102   1      
 103   1              RED_EW = 1;         //东西红灯灭
 104   1              RED_LEW = 1;        //东西人行道红灯灭
 105   1              GREEN_EW = 1;       //东西绿灯灭        
 106   1              GREEN_LEW = 1;      //东西人行道绿灯灭
 107   1              YELLOW_EW = 1;      //东西黄灯灭
 108   1      }
 109          
 110          /*******************************************************************************
 111          * 函 数 名         : RedLight_On
 112          * 函数功能                 : 所有红灯亮
 113          * 输    入         : 无
 114          * 输    出         : 无
 115          *******************************************************************************/
 116          void Red_Light_On()
 117          {
C51 COMPILER V9.01   TRAFFICLIGHT                                                          06/09/2022 20:09:19 PAGE 3   

 118   1              RED_NS = 0;         //南北红灯亮
 119   1              RED_LNS = 0;        //南北人行道红灯亮
 120   1              GREEN_NS = 1;       //南北绿灯灭                        
 121   1              GREEN_LNS = 1;      //南北人行道绿灯灭
 122   1              YELLOW_NS = 1;      //南北黄灯灭
 123   1      
 124   1              RED_EW = 0;         //东西红灯亮
 125   1              RED_LEW = 0;        //东西人行道红灯亮
 126   1              GREEN_EW = 1;       //东西绿灯灭        
 127   1              GREEN_LEW = 1;      //东西人行道绿灯灭
 128   1              YELLOW_EW = 1;      //东西黄灯灭
 129   1      }
 130          
 131          /*******************************************************************************
 132          * 函 数 名         : NS_Pass
 133          * 函数功能                 : 南北通行
 134          * 输    入         : 无
 135          * 输    出         : 无
 136          *******************************************************************************/
 137          void NS_Pass()
 138          {
 139   1              RED_NS = 1;         //南北红灯灭
 140   1              RED_LNS = 1;        //南北人行道红灯灭
 141   1              GREEN_NS = 0;       //南北绿灯亮                        
 142   1              GREEN_LNS = 0;      //南北人行道绿灯亮
 143   1              YELLOW_NS = 1;      //南北黄灯灭
 144   1      
 145   1              RED_EW = 0;         //东西红灯亮
 146   1              RED_LEW = 0;        //东西人行道红灯亮
 147   1              GREEN_EW = 1;       //东西绿灯灭        
 148   1              GREEN_LEW = 1;      //东西人行道绿灯灭
 149   1              YELLOW_EW = 1;      //东西黄灯灭
 150   1      }
 151          
 152          /*******************************************************************************
 153          * 函 数 名         : NS_To_EW
 154          * 函数功能                 : 南北通行转东西通行
 155          * 输    入         : 无
 156          * 输    出         : 无
 157          *******************************************************************************/
 158          void NS_To_EW()
 159          {
 160   1              RED_NS = 1;         //南北红灯灭
 161   1              RED_LNS = 1;        //南北人行道红灯灭
 162   1              GREEN_NS = 1;       //南北绿灯灭                        
 163   1              GREEN_LNS = 1;      //南北人行道绿灯灭
 164   1      
 165   1              RED_EW = 0;         //东西红灯亮
 166   1              RED_LEW = 0;        //东西人行道红灯亮
 167   1              GREEN_EW = 1;       //东西绿灯灭        
 168   1              GREEN_LEW = 1;      //东西人行道绿灯灭
 169   1              YellowBlingBlingStatus=NSYELLOWBlingBlingOn;//南北黄灯闪烁 
 170   1      }
 171          
 172          /*******************************************************************************
 173          * 函 数 名         : EW_Pass
 174          * 函数功能                 : 东西通行
 175          * 输    入         : 无
 176          * 输    出         : 无
 177          *******************************************************************************/
 178          void EW_Pass()
 179          {
C51 COMPILER V9.01   TRAFFICLIGHT                                                          06/09/2022 20:09:19 PAGE 4   

 180   1              RED_NS = 0;         //南北红灯亮
 181   1              RED_LNS = 0;        //南北人行道红灯亮
 182   1              GREEN_NS = 1;       //南北绿灯灭                        
 183   1              GREEN_LNS = 1;      //南北人行道绿灯灭
 184   1              YELLOW_NS = 1;      //南北黄灯灭
 185   1      
 186   1              RED_EW = 1;         //东西红灯灭
 187   1              RED_LEW = 1;        //东西人行道红灯灭
 188   1              GREEN_EW = 0;       //东西绿灯亮        
 189   1              GREEN_LEW = 0;      //东西人行道绿灯亮
 190   1              YELLOW_EW = 1;      //东西黄灯灭
 191   1      }
 192          /*******************************************************************************
 193          * 函 数 名         : EW_To_NS
 194          * 函数功能                 : 东西通行转南北通行
 195          * 输    入         : 无
 196          * 输    出         : 无
 197          *******************************************************************************/
 198          void EW_To_NS()
 199          {
 200   1              RED_NS = 0;         //南北红灯亮
 201   1              RED_LNS = 0;        //南北人行道红灯亮
 202   1              GREEN_NS = 1;       //南北绿灯灭                        
 203   1              GREEN_LNS = 1;      //南北人行道绿灯灭
 204   1      
 205   1              RED_EW = 1;         //东西红灯灭
 206   1              RED_LEW = 1;        //东西人行道红灯灭
 207   1              GREEN_EW = 1;       //东西绿灯灭        
 208   1              GREEN_LEW = 1;      //东西人行道绿灯灭
 209   1              YellowBlingBlingStatus=EWYELLOWBlingBlingOn;//东西黄灯闪烁
 210   1      }
 211          
 212          
 213          /*******************************************************************************
 214          * 函 数 名       : Init
 215          * 函数功能               : 初始化
 216          * 输    入       : 无
 217          * 输    出       : 无
 218          *******************************************************************************/
 219          void Init()
 220          {
 221   1              Second = 1;
 222   1              Timer0Init();
 223   1              IT0=1;       //下降沿触发
 224   1          EX0=1;
 225   1          EA=1;
 226   1              YellowBlingBlingStatus=YELLOWBlingBlingOff;
 227   1              while (Second <= 5)
 228   1              {
 229   2                      DisplayData[0] = DIG_CODE[(6 - Second) % 100 / 10];
 230   2                      DisplayData[1] = DIG_CODE[(6 - Second) %10];
 231   2                      DisplayData[2] = DisplayData[0];
 232   2                      DisplayData[3] = DisplayData[1];
 233   2                      DisplayData[4] = DisplayData[0];
 234   2                      DisplayData[5] = DisplayData[1];
 235   2                      DisplayData[6] = DisplayData[0];
 236   2                      DisplayData[7] = DisplayData[1];
 237   2                      DigDisplay();
 238   2                      Red_Light_On();
 239   2              }
 240   1              Light_Off();
 241   1              Second = 1; 
C51 COMPILER V9.01   TRAFFICLIGHT                                                          06/09/2022 20:09:19 PAGE 5   

 242   1      }
 243          
 244          /*******************************************************************************
 245          * 函 数 名       : main
 246          * 函数功能               : 主函数
 247          * 输    入       : 无
 248          * 输    出       : 无
 249          *******************************************************************************/
 250          void main()
 251          {       
 252   1              Init();
 253   1              while(1)
 254   1              {
 255   2                      if(Second == 30)Second = 1;//30秒一个循环
 256   2      
 257   2                      //--南北通行，10秒--//
 258   2                      if(Second < 10)
 259   2                      {
 260   3                              DisplayData[0] = DIG_CODE[(10 - Second) % 100 / 10];
 261   3                              DisplayData[1] = DIG_CODE[(10 - Second) %10];
 262   3                              DisplayData[2] = DisplayData[0];
 263   3                              DisplayData[3] = DisplayData[1];
 264   3                              DisplayData[4] = DisplayData[0];
 265   3                              DisplayData[5] = DisplayData[1];
 266   3                              DisplayData[6] = DisplayData[0];
 267   3                              DisplayData[7] = DisplayData[1];
 268   3                              DigDisplay();
 269   3                              NS_Pass();//南北通行
 270   3                      }
 271   2                      //--黄灯等待切换状态，5秒--//
 272   2                      else if(Second < 15) 
 273   2                      {
 274   3                              DisplayData[0] = DIG_CODE[(15 - Second) % 100 / 10];
 275   3                              DisplayData[1] = DIG_CODE[(15 - Second) %10];
 276   3                              DisplayData[2] = DisplayData[0];
 277   3                              DisplayData[3] = DisplayData[1];
 278   3                              DisplayData[4] = DisplayData[0];
 279   3                              DisplayData[5] = DisplayData[1];
 280   3                              DisplayData[6] = DisplayData[0];
 281   3                              DisplayData[7] = DisplayData[1];
 282   3                              DigDisplay();
 283   3      
 284   3                              //--黄灯阶段--//
 285   3                              NS_To_EW();
 286   3                      }
 287   2      
 288   2                      //--东西通行--//
 289   2                      else if(Second < 25) 
 290   2                      {
 291   3                              DisplayData[0] = DIG_CODE[(25 - Second) % 100 / 10];
 292   3                              DisplayData[1] = DIG_CODE[(25 - Second) %10];
 293   3                              DisplayData[2] = DisplayData[0];
 294   3                              DisplayData[3] = DisplayData[1];
 295   3                              DisplayData[4] = DisplayData[0];
 296   3                              DisplayData[5] = DisplayData[1];
 297   3                              DisplayData[6] = DisplayData[0];
 298   3                              DisplayData[7] = DisplayData[1];
 299   3                              DigDisplay();
 300   3                              EW_Pass();//南北通行
 301   3      
 302   3                      }
 303   2      
C51 COMPILER V9.01   TRAFFICLIGHT                                                          06/09/2022 20:09:19 PAGE 6   

 304   2                      //--黄灯等待切换状态，5秒--//
 305   2                      else 
 306   2                      {
 307   3                              DisplayData[0] = DIG_CODE[(30 - Second) % 100 / 10];
 308   3                              DisplayData[1] = DIG_CODE[(30 - Second) %10];
 309   3                              DisplayData[2] = DisplayData[0];
 310   3                              DisplayData[3] = DisplayData[1];
 311   3                              DisplayData[4] = DisplayData[0];
 312   3                              DisplayData[5] = DisplayData[1];
 313   3                              DisplayData[6] = DisplayData[0];
 314   3                              DisplayData[7] = DisplayData[1];
 315   3                              DigDisplay();
 316   3                              //--黄灯阶段--//
 317   3                              EW_To_NS();
 318   3                      }
 319   2              }                                       
 320   1      }
 321          
 322          
 323          /*******************************************************************************
 324          * 函 数 名         : void Timer0() interrupt 1
 325          * 函数功能                 : 定时器0中断函数
 326          * 输    入         : 无
 327          * 输    出         : 无
 328          *******************************************************************************/
 329          void Timer0() interrupt 1
 330          {
 331   1              static u16 i;
 332   1              TH0=0XFC;       //给定时器赋初值，定时1ms
 333   1              TL0=0X18;
 334   1              i++;
 335   1              switch(YellowBlingBlingStatus)
 336   1              {
 337   2                      case NSYELLOWBlingBlingOn:if(Second%2==0){YELLOW_NS = 0;break;}else {YELLOW_NS = 1;break;}
 338   2                      case EWYELLOWBlingBlingOn:if(Second%2==0){YELLOW_EW = 0;break;}else {YELLOW_EW = 1;break;} 
 339   2                      case YELLOWBlingBlingOff:YELLOW_NS = 1; YELLOW_EW = 1;break;
 340   2                      default:YELLOW_NS = 1;YELLOW_EW = 1;
 341   2              }
 342   1              if(i==1000)
 343   1              {
 344   2                      i=0;
 345   2                      Second ++;
 346   2                      YELLOW_NS = 1;      //南北黄灯灭
 347   2                      YELLOW_EW = 1;      //东西黄灯灭
 348   2                      YellowBlingBlingStatus=YELLOWBlingBlingOff;     
 349   2              }       
 350   1      }
 351          /********************************************************
 352          * INT0中断函数                                          *
 353          ********************************************************/
 354          void  EM() interrupt 0 
 355          {       
 356   1              u8 Second_save;
 357   1              if (KEY == 0)           //检测按键是否按下
 358   1              {
 359   2                      delay1ms(10);   //消除抖动
 360   2                      if (KEY == 0)   //再次检测按键是否按下
 361   2                      {
 362   3                              Second_save = Second;
 363   3                              Second=1;
 364   3                              while(1)
 365   3                              if(Second < 10)
C51 COMPILER V9.01   TRAFFICLIGHT                                                          06/09/2022 20:09:19 PAGE 7   

 366   3                              {
 367   4                                      DisplayData[0] = DIG_CODE[(9 - Second) % 100 / 10];
 368   4                                      DisplayData[1] = DIG_CODE[(9 - Second) %10];
 369   4                                      DisplayData[2] = DisplayData[0];
 370   4                                      DisplayData[3] = DisplayData[1];
 371   4                                      DisplayData[4] = DisplayData[0];
 372   4                                      DisplayData[5] = DisplayData[1];
 373   4                                      DisplayData[6] = DisplayData[0];
 374   4                                      DisplayData[7] = DisplayData[1];
 375   4                                      DigDisplay();Red_Light_On();
 376   4      
 377   4                              }else break;
 378   3                              Second = Second_save;
 379   3                      }
 380   2              }
 381   1      }


MODULE INFORMATION:   STATIC OVERLAYABLE
   CODE SIZE        =    614    ----
   CONSTANT SIZE    =     25    ----
   XDATA SIZE       =   ----    ----
   PDATA SIZE       =   ----    ----
   DATA SIZE        =     12    ----
   IDATA SIZE       =   ----    ----
   BIT SIZE         =   ----    ----
END OF MODULE INFORMATION.


C51 COMPILATION COMPLETE.  0 WARNING(S),  0 ERROR(S)
